[debug] [2022-12-01T18:19:46.250Z] ----------------------------------------------------------------------
[debug] [2022-12-01T18:19:46.251Z] Command:       /Users/sawadayuta/.nodebrew/node/v16.14.0/bin/node /Users/sawadayuta/.nodebrew/current/bin/firebase deploy
[debug] [2022-12-01T18:19:46.251Z] CLI Version:   11.16.1
[debug] [2022-12-01T18:19:46.251Z] Platform:      darwin
[debug] [2022-12-01T18:19:46.251Z] Node Version:  v16.14.0
[debug] [2022-12-01T18:19:46.255Z] Time:          Fri Dec 02 2022 03:19:46 GMT+0900 (日本標準時)
[debug] [2022-12-01T18:19:46.255Z] ----------------------------------------------------------------------
[debug] 
[debug] [2022-12-01T18:19:46.284Z] > command requires scopes: ["email","openid","https://www.googleapis.com/auth/cloudplatformprojects.readonly","https://www.googleapis.com/auth/firebase","https://www.googleapis.com/auth/cloud-platform"]
[debug] [2022-12-01T18:19:46.284Z] > authorizing via signed-in user (yuta.sawada@gaiax.com)
[debug] [2022-12-01T18:19:46.284Z] [iam] checking project vote-dapp-60851 for permissions ["cloudfunctions.functions.create","cloudfunctions.functions.delete","cloudfunctions.functions.get","cloudfunctions.functions.list","cloudfunctions.functions.update","cloudfunctions.operations.get","firebase.projects.get"]
[debug] [2022-12-01T18:19:46.286Z] >>> [apiv2][query] POST https://cloudresourcemanager.googleapis.com/v1/projects/vote-dapp-60851:testIamPermissions [none]
[debug] [2022-12-01T18:19:46.286Z] >>> [apiv2][(partial)header] POST https://cloudresourcemanager.googleapis.com/v1/projects/vote-dapp-60851:testIamPermissions x-goog-quota-user=projects/vote-dapp-60851
[debug] [2022-12-01T18:19:46.286Z] >>> [apiv2][body] POST https://cloudresourcemanager.googleapis.com/v1/projects/vote-dapp-60851:testIamPermissions {"permissions":["cloudfunctions.functions.create","cloudfunctions.functions.delete","cloudfunctions.functions.get","cloudfunctions.functions.list","cloudfunctions.functions.update","cloudfunctions.operations.get","firebase.projects.get"]}
[debug] [2022-12-01T18:19:54.138Z] <<< [apiv2][status] POST https://cloudresourcemanager.googleapis.com/v1/projects/vote-dapp-60851:testIamPermissions 200
[debug] [2022-12-01T18:19:54.138Z] <<< [apiv2][body] POST https://cloudresourcemanager.googleapis.com/v1/projects/vote-dapp-60851:testIamPermissions {"permissions":["cloudfunctions.functions.create","cloudfunctions.functions.delete","cloudfunctions.functions.get","cloudfunctions.functions.list","cloudfunctions.functions.update","cloudfunctions.operations.get","firebase.projects.get"]}
[debug] [2022-12-01T18:19:54.139Z] >>> [apiv2][query] POST https://iam.googleapis.com/v1/projects/vote-dapp-60851/serviceAccounts/vote-dapp-60851@appspot.gserviceaccount.com:testIamPermissions [none]
[debug] [2022-12-01T18:19:54.139Z] >>> [apiv2][body] POST https://iam.googleapis.com/v1/projects/vote-dapp-60851/serviceAccounts/vote-dapp-60851@appspot.gserviceaccount.com:testIamPermissions {"permissions":["iam.serviceAccounts.actAs"]}
[debug] [2022-12-01T18:19:54.941Z] <<< [apiv2][status] POST https://iam.googleapis.com/v1/projects/vote-dapp-60851/serviceAccounts/vote-dapp-60851@appspot.gserviceaccount.com:testIamPermissions 200
[debug] [2022-12-01T18:19:54.942Z] <<< [apiv2][body] POST https://iam.googleapis.com/v1/projects/vote-dapp-60851/serviceAccounts/vote-dapp-60851@appspot.gserviceaccount.com:testIamPermissions {"permissions":["iam.serviceAccounts.actAs"]}
[info] 
[info] === Deploying to 'vote-dapp-60851'...
[info] 
[info] i  deploying functions 
[info] Running command: npm --prefix "$RESOURCE_DIR" run lint
[info] ✔  functions: Finished running predeploy script. 
[debug] [2022-12-01T18:19:56.367Z] >>> [apiv2][query] GET https://firebase.googleapis.com/v1beta1/projects/vote-dapp-60851 [none]
[debug] [2022-12-01T18:19:56.883Z] <<< [apiv2][status] GET https://firebase.googleapis.com/v1beta1/projects/vote-dapp-60851 200
[debug] [2022-12-01T18:19:56.883Z] <<< [apiv2][body] GET https://firebase.googleapis.com/v1beta1/projects/vote-dapp-60851 {"projectId":"vote-dapp-60851","projectNumber":"357973271138","displayName":"vote-dapp","name":"projects/vote-dapp-60851","resources":{"hostingSite":"vote-dapp-60851","realtimeDatabaseInstance":"vote-dapp-60851-default-rtdb","storageBucket":"vote-dapp-60851.appspot.com","locationId":"us-central"},"state":"ACTIVE","etag":"1_cb8e9d4c-6a47-4f84-bfd3-798965755da5"}
[info] i  functions: ensuring required API cloudfunctions.googleapis.com is enabled... 
[info] i  functions: ensuring required API cloudbuild.googleapis.com is enabled... 
[info] i  artifactregistry: ensuring required API artifactregistry.googleapis.com is enabled... 
[debug] [2022-12-01T18:19:56.886Z] >>> [apiv2][query] GET https://serviceusage.googleapis.com/v1/projects/vote-dapp-60851/services/cloudfunctions.googleapis.com [none]
[debug] [2022-12-01T18:19:56.886Z] >>> [apiv2][(partial)header] GET https://serviceusage.googleapis.com/v1/projects/vote-dapp-60851/services/cloudfunctions.googleapis.com x-goog-quota-user=projects/vote-dapp-60851
[debug] [2022-12-01T18:19:56.887Z] >>> [apiv2][query] GET https://serviceusage.googleapis.com/v1/projects/vote-dapp-60851/services/runtimeconfig.googleapis.com [none]
[debug] [2022-12-01T18:19:56.887Z] >>> [apiv2][(partial)header] GET https://serviceusage.googleapis.com/v1/projects/vote-dapp-60851/services/runtimeconfig.googleapis.com x-goog-quota-user=projects/vote-dapp-60851
[debug] [2022-12-01T18:19:56.888Z] >>> [apiv2][query] GET https://serviceusage.googleapis.com/v1/projects/vote-dapp-60851/services/cloudbuild.googleapis.com [none]
[debug] [2022-12-01T18:19:56.888Z] >>> [apiv2][(partial)header] GET https://serviceusage.googleapis.com/v1/projects/vote-dapp-60851/services/cloudbuild.googleapis.com x-goog-quota-user=projects/vote-dapp-60851
[debug] [2022-12-01T18:19:56.889Z] >>> [apiv2][query] GET https://serviceusage.googleapis.com/v1/projects/vote-dapp-60851/services/artifactregistry.googleapis.com [none]
[debug] [2022-12-01T18:19:56.889Z] >>> [apiv2][(partial)header] GET https://serviceusage.googleapis.com/v1/projects/vote-dapp-60851/services/artifactregistry.googleapis.com x-goog-quota-user=projects/vote-dapp-60851
[debug] [2022-12-01T18:19:58.028Z] <<< [apiv2][status] GET https://serviceusage.googleapis.com/v1/projects/vote-dapp-60851/services/runtimeconfig.googleapis.com 200
[debug] [2022-12-01T18:19:58.028Z] <<< [apiv2][body] GET https://serviceusage.googleapis.com/v1/projects/vote-dapp-60851/services/runtimeconfig.googleapis.com [omitted]
[debug] [2022-12-01T18:19:58.052Z] <<< [apiv2][status] GET https://serviceusage.googleapis.com/v1/projects/vote-dapp-60851/services/cloudfunctions.googleapis.com 200
[debug] [2022-12-01T18:19:58.053Z] <<< [apiv2][body] GET https://serviceusage.googleapis.com/v1/projects/vote-dapp-60851/services/cloudfunctions.googleapis.com [omitted]
[info] ✔  functions: required API cloudfunctions.googleapis.com is enabled 
[debug] [2022-12-01T18:19:58.054Z] <<< [apiv2][status] GET https://serviceusage.googleapis.com/v1/projects/vote-dapp-60851/services/cloudbuild.googleapis.com 200
[debug] [2022-12-01T18:19:58.054Z] <<< [apiv2][body] GET https://serviceusage.googleapis.com/v1/projects/vote-dapp-60851/services/cloudbuild.googleapis.com [omitted]
[info] ✔  functions: required API cloudbuild.googleapis.com is enabled 
[debug] [2022-12-01T18:19:58.056Z] <<< [apiv2][status] GET https://serviceusage.googleapis.com/v1/projects/vote-dapp-60851/services/artifactregistry.googleapis.com 200
[debug] [2022-12-01T18:19:58.056Z] <<< [apiv2][body] GET https://serviceusage.googleapis.com/v1/projects/vote-dapp-60851/services/artifactregistry.googleapis.com [omitted]
[info] ✔  artifactregistry: required API artifactregistry.googleapis.com is enabled 
[debug] [2022-12-01T18:19:58.057Z] >>> [apiv2][query] GET https://firebase.googleapis.com/v1beta1/projects/vote-dapp-60851/adminSdkConfig [none]
[debug] [2022-12-01T18:19:58.472Z] <<< [apiv2][status] GET https://firebase.googleapis.com/v1beta1/projects/vote-dapp-60851/adminSdkConfig 200
[debug] [2022-12-01T18:19:58.472Z] <<< [apiv2][body] GET https://firebase.googleapis.com/v1beta1/projects/vote-dapp-60851/adminSdkConfig {"projectId":"vote-dapp-60851","databaseURL":"https://vote-dapp-60851-default-rtdb.firebaseio.com","storageBucket":"vote-dapp-60851.appspot.com","locationId":"us-central"}
[debug] [2022-12-01T18:19:58.474Z] >>> [apiv2][query] GET https://runtimeconfig.googleapis.com/v1beta1/projects/vote-dapp-60851/configs [none]
[debug] [2022-12-01T18:19:58.896Z] <<< [apiv2][status] GET https://runtimeconfig.googleapis.com/v1beta1/projects/vote-dapp-60851/configs 200
[debug] [2022-12-01T18:19:58.896Z] <<< [apiv2][body] GET https://runtimeconfig.googleapis.com/v1beta1/projects/vote-dapp-60851/configs {}
[info] i  functions: preparing codebase default for deployment 
[debug] [2022-12-01T18:19:58.900Z] Validating nodejs source
[warn] ⚠  functions: package.json indicates an outdated version of firebase-functions. Please upgrade using npm install --save firebase-functions@latest in your functions directory. 
[warn] ⚠  functions: Please note that there will be breaking changes when you upgrade. 
[debug] [2022-12-01T18:19:59.554Z] > [functions] package.json contents: {
  "name": "functions",
  "description": "Cloud Functions for Firebase",
  "scripts": {
    "lint": "eslint .",
    "serve": "firebase emulators:start --only functions",
    "shell": "firebase functions:shell",
    "start": "npm run shell",
    "deploy": "firebase deploy --only functions",
    "logs": "firebase functions:log"
  },
  "engines": {
    "node": "16"
  },
  "main": "index.js",
  "dependencies": {
    "child-process-promise": "^2.2.1",
    "firebase-admin": "^10.0.2",
    "firebase-functions": "^3.18.0",
    "gs": "https://github.com/sina-masnadi/node-gs/tarball/master"
  },
  "devDependencies": {
    "eslint": "^8.9.0",
    "eslint-config-google": "^0.14.0",
    "firebase-functions-test": "^0.2.0"
  },
  "private": true
}
[debug] [2022-12-01T18:19:59.554Z] Building nodejs source
[debug] [2022-12-01T18:19:59.555Z] Could not find functions.yaml. Must use http discovery
[debug] [2022-12-01T18:19:59.656Z] Serving at port 9005

[debug] [2022-12-01T18:19:59.692Z] Got response from /__/functions.yaml {"endpoints":{"generateThumbnail":{"platform":"gcfv1","eventTrigger":{"eventType":"google.storage.object.finalize","eventFilters":{"resource":"projects/_/buckets/vote-dapp-60851.appspot.com"},"retry":false},"labels":{},"entryPoint":"generateThumbnail"}},"specVersion":"v1alpha1","requiredAPIs":[]}
[debug] [2022-12-01T18:19:59.696Z] shutdown requested via /__/quitquitquit

[info] i  functions: preparing functions directory for uploading... 
[info] i  functions: packaged /Users/sawadayuta/Development/dapps/vote-dapp/vote-web/functions (19.67 MB) for uploading 
[debug] [2022-12-01T18:20:00.394Z] >>> [apiv2][query] GET https://cloudfunctions.googleapis.com/v1/projects/vote-dapp-60851/locations/-/functions [none]
[debug] [2022-12-01T18:20:01.206Z] <<< [apiv2][status] GET https://cloudfunctions.googleapis.com/v1/projects/vote-dapp-60851/locations/-/functions 200
[debug] [2022-12-01T18:20:01.206Z] <<< [apiv2][body] GET https://cloudfunctions.googleapis.com/v1/projects/vote-dapp-60851/locations/-/functions {"functions":[{"name":"projects/vote-dapp-60851/locations/us-central1/functions/generateThumbnail","eventTrigger":{"eventType":"google.storage.object.finalize","resource":"projects/_/buckets/vote-dapp-60851.appspot.com","service":"storage.googleapis.com","failurePolicy":{}},"status":"ACTIVE","entryPoint":"generateThumbnail","timeout":"60s","availableMemoryMb":256,"serviceAccountEmail":"vote-dapp-60851@appspot.gserviceaccount.com","updateTime":"2022-12-01T18:16:54.988Z","versionId":"4","labels":{"deployment-tool":"cli-firebase","firebase-functions-hash":"b261bda8aa10e99d0efa4f8a67d9d4a38822cbe5"},"sourceUploadUrl":"https://storage.googleapis.com/uploads-405844028065.us-central1.cloudfunctions.appspot.com/750dc2db-760c-472c-8b11-8282b567dfa4.zip","environmentVariables":{"FIREBASE_CONFIG":"{\"projectId\":\"vote-dapp-60851\",\"databaseURL\":\"https://vote-dapp-60851-default-rtdb.firebaseio.com\",\"storageBucket\":\"vote-dapp-60851.appspot.com\",\"locationId\":\"us-central\"}","GCLOUD_PROJECT":"vote-dapp-60851","EVENTARC_CLOUD_EVENT_SOURCE":"projects/vote-dapp-60851/locations/us-central1/functions/generateThumbnail"},"runtime":"nodejs16","ingressSettings":"ALLOW_ALL","buildId":"38f207d7-4bfb-4aa3-ad28-10869f97d8b9","buildName":"projects/357973271138/locations/us-central1/builds/38f207d7-4bfb-4aa3-ad28-10869f97d8b9","dockerRegistry":"ARTIFACT_REGISTRY"}]}
[debug] [2022-12-01T18:20:01.207Z] >>> [apiv2][query] GET https://cloudfunctions.googleapis.com/v2/projects/vote-dapp-60851/locations/-/functions filter=environment%3D%22GEN_2%22
[debug] [2022-12-01T18:20:02.650Z] <<< [apiv2][status] GET https://cloudfunctions.googleapis.com/v2/projects/vote-dapp-60851/locations/-/functions 200
[debug] [2022-12-01T18:20:02.651Z] <<< [apiv2][body] GET https://cloudfunctions.googleapis.com/v2/projects/vote-dapp-60851/locations/-/functions {}
[debug] [2022-12-01T18:20:02.660Z] >>> [apiv2][query] GET https://firebase.googleapis.com/v1beta1/projects/vote-dapp-60851 [none]
[debug] [2022-12-01T18:20:03.054Z] <<< [apiv2][status] GET https://firebase.googleapis.com/v1beta1/projects/vote-dapp-60851 200
[debug] [2022-12-01T18:20:03.055Z] <<< [apiv2][body] GET https://firebase.googleapis.com/v1beta1/projects/vote-dapp-60851 {"projectId":"vote-dapp-60851","projectNumber":"357973271138","displayName":"vote-dapp","name":"projects/vote-dapp-60851","resources":{"hostingSite":"vote-dapp-60851","realtimeDatabaseInstance":"vote-dapp-60851-default-rtdb","storageBucket":"vote-dapp-60851.appspot.com","locationId":"us-central"},"state":"ACTIVE","etag":"1_cb8e9d4c-6a47-4f84-bfd3-798965755da5"}
[debug] [2022-12-01T18:20:03.057Z] >>> [apiv2][query] POST https://cloudfunctions.googleapis.com/v1/projects/vote-dapp-60851/locations/us-central1/functions:generateUploadUrl [none]
[debug] [2022-12-01T18:20:03.058Z] >>> [apiv2][body] POST https://cloudfunctions.googleapis.com/v1/projects/vote-dapp-60851/locations/us-central1/functions:generateUploadUrl {}
[debug] [2022-12-01T18:20:04.012Z] <<< [apiv2][status] POST https://cloudfunctions.googleapis.com/v1/projects/vote-dapp-60851/locations/us-central1/functions:generateUploadUrl 200
[debug] [2022-12-01T18:20:04.012Z] <<< [apiv2][body] POST https://cloudfunctions.googleapis.com/v1/projects/vote-dapp-60851/locations/us-central1/functions:generateUploadUrl {"uploadUrl":"https://storage.googleapis.com/uploads-405844028065.us-central1.cloudfunctions.appspot.com/8a7bf128-1eef-48f6-a8f3-a4e0bdbf4af2.zip?GoogleAccessId=service-357973271138@gcf-admin-robot.iam.gserviceaccount.com&Expires=1669920603&Signature=eC%2BGnqKZl9XfhHx0Y48kAipQlp3TzWSIDyudQNUdX6DDN4w%2BbalIs8CxVdIRuk70sLXOhiojXlHmzeHmuVx%2FEcdnY201fHzi5LhU367vj0P23CNY17SFkb35gVxJ8imlXPboZdrl3reCHtU%2BPLQSD3bJJLUGhTGAEBvDT37HR3G1Te6he0stDhFWkEpsIs%2FicRqS4Y0rJDyphgp4hf5cwhk4U4eWpyrMHq%2Fbcq54yBYqrphKIUMxNU2Oed9UarfB1EL8wUPbb74VN%2FjeUcv%2BqgMWonZRZ5h0dOHGDNBZcAuX24bbs6pCgUZ8gC%2FfhRB9yTe%2BF7vpO7R17cjkGaI1HQ%3D%3D"}
[debug] [2022-12-01T18:20:04.013Z] >>> [apiv2][query] PUT https://storage.googleapis.com/uploads-405844028065.us-central1.cloudfunctions.appspot.com/8a7bf128-1eef-48f6-a8f3-a4e0bdbf4af2.zip GoogleAccessId=service-357973271138%40gcf-admin-robot.iam.gserviceaccount.com&Expires=1669920603&Signature=eC%2BGnqKZl9XfhHx0Y48kAipQlp3TzWSIDyudQNUdX6DDN4w%2BbalIs8CxVdIRuk70sLXOhiojXlHmzeHmuVx%2FEcdnY201fHzi5LhU367vj0P23CNY17SFkb35gVxJ8imlXPboZdrl3reCHtU%2BPLQSD3bJJLUGhTGAEBvDT37HR3G1Te6he0stDhFWkEpsIs%2FicRqS4Y0rJDyphgp4hf5cwhk4U4eWpyrMHq%2Fbcq54yBYqrphKIUMxNU2Oed9UarfB1EL8wUPbb74VN%2FjeUcv%2BqgMWonZRZ5h0dOHGDNBZcAuX24bbs6pCgUZ8gC%2FfhRB9yTe%2BF7vpO7R17cjkGaI1HQ%3D%3D
[debug] [2022-12-01T18:20:04.013Z] >>> [apiv2][body] PUT https://storage.googleapis.com/uploads-405844028065.us-central1.cloudfunctions.appspot.com/8a7bf128-1eef-48f6-a8f3-a4e0bdbf4af2.zip [stream]
[debug] [2022-12-01T18:20:06.461Z] <<< [apiv2][status] PUT https://storage.googleapis.com/uploads-405844028065.us-central1.cloudfunctions.appspot.com/8a7bf128-1eef-48f6-a8f3-a4e0bdbf4af2.zip 200
[debug] [2022-12-01T18:20:06.461Z] <<< [apiv2][body] PUT https://storage.googleapis.com/uploads-405844028065.us-central1.cloudfunctions.appspot.com/8a7bf128-1eef-48f6-a8f3-a4e0bdbf4af2.zip [omitted]
[info] ✔  functions: functions folder uploaded successfully 
[info] i  functions: updating Node.js 16 function generateThumbnail(us-central1)... 
[debug] [2022-12-01T18:20:06.468Z] >>> [apiv2][query] PATCH https://cloudfunctions.googleapis.com/v1/projects/vote-dapp-60851/locations/us-central1/functions/generateThumbnail updateMask=name%2CsourceUploadUrl%2CentryPoint%2Cruntime%2CdockerRegistry%2Clabels%2CeventTrigger.eventType%2CeventTrigger.resource%2CeventTrigger.failurePolicy%2CenvironmentVariables%2CavailableMemoryMb%2CsourceToken
[debug] [2022-12-01T18:20:06.469Z] >>> [apiv2][body] PATCH https://cloudfunctions.googleapis.com/v1/projects/vote-dapp-60851/locations/us-central1/functions/generateThumbnail {"name":"projects/vote-dapp-60851/locations/us-central1/functions/generateThumbnail","sourceUploadUrl":"https://storage.googleapis.com/uploads-405844028065.us-central1.cloudfunctions.appspot.com/8a7bf128-1eef-48f6-a8f3-a4e0bdbf4af2.zip?GoogleAccessId=service-357973271138@gcf-admin-robot.iam.gserviceaccount.com&Expires=1669920603&Signature=eC%2BGnqKZl9XfhHx0Y48kAipQlp3TzWSIDyudQNUdX6DDN4w%2BbalIs8CxVdIRuk70sLXOhiojXlHmzeHmuVx%2FEcdnY201fHzi5LhU367vj0P23CNY17SFkb35gVxJ8imlXPboZdrl3reCHtU%2BPLQSD3bJJLUGhTGAEBvDT37HR3G1Te6he0stDhFWkEpsIs%2FicRqS4Y0rJDyphgp4hf5cwhk4U4eWpyrMHq%2Fbcq54yBYqrphKIUMxNU2Oed9UarfB1EL8wUPbb74VN%2FjeUcv%2BqgMWonZRZ5h0dOHGDNBZcAuX24bbs6pCgUZ8gC%2FfhRB9yTe%2BF7vpO7R17cjkGaI1HQ%3D%3D","entryPoint":"generateThumbnail","runtime":"nodejs16","dockerRegistry":"ARTIFACT_REGISTRY","labels":{"deployment-tool":"cli-firebase","firebase-functions-hash":"b1b78ced8433949ba9cd7a58e6735fef51e9c096"},"eventTrigger":{"eventType":"google.storage.object.finalize","resource":"projects/_/buckets/vote-dapp-60851.appspot.com"},"environmentVariables":{"FIREBASE_CONFIG":"{\"projectId\":\"vote-dapp-60851\",\"databaseURL\":\"https://vote-dapp-60851-default-rtdb.firebaseio.com\",\"storageBucket\":\"vote-dapp-60851.appspot.com\",\"locationId\":\"us-central\"}","GCLOUD_PROJECT":"vote-dapp-60851","EVENTARC_CLOUD_EVENT_SOURCE":"projects/vote-dapp-60851/locations/us-central1/functions/generateThumbnail"},"availableMemoryMb":256}
[debug] [2022-12-01T18:20:07.416Z] <<< [apiv2][status] PATCH https://cloudfunctions.googleapis.com/v1/projects/vote-dapp-60851/locations/us-central1/functions/generateThumbnail 200
[debug] [2022-12-01T18:20:07.416Z] <<< [apiv2][body] PATCH https://cloudfunctions.googleapis.com/v1/projects/vote-dapp-60851/locations/us-central1/functions/generateThumbnail {"name":"operations/dm90ZS1kYXBwLTYwODUxL3VzLWNlbnRyYWwxL2dlbmVyYXRlVGh1bWJuYWlsL0J5Mk1PbWVvUGY4","metadata":{"@type":"type.googleapis.com/google.cloud.functions.v1.OperationMetadataV1","target":"projects/vote-dapp-60851/locations/us-central1/functions/generateThumbnail","type":"UPDATE_FUNCTION","request":{"@type":"type.googleapis.com/google.cloud.functions.v1.CloudFunction","name":"projects/vote-dapp-60851/locations/us-central1/functions/generateThumbnail","eventTrigger":{"eventType":"google.storage.object.finalize","resource":"projects/_/buckets/vote-dapp-60851.appspot.com","service":"storage.googleapis.com"},"status":"ACTIVE","entryPoint":"generateThumbnail","timeout":"60s","availableMemoryMb":256,"serviceAccountEmail":"vote-dapp-60851@appspot.gserviceaccount.com","updateTime":"2022-12-01T18:16:54.988Z","versionId":"4","labels":{"deployment-tool":"cli-firebase","firebase-functions-hash":"b1b78ced8433949ba9cd7a58e6735fef51e9c096"},"sourceUploadUrl":"https://storage.googleapis.com/uploads-405844028065.us-central1.cloudfunctions.appspot.com/8a7bf128-1eef-48f6-a8f3-a4e0bdbf4af2.zip?GoogleAccessId=service-357973271138@gcf-admin-robot.iam.gserviceaccount.com&Expires=1669920603&Signature=eC%2BGnqKZl9XfhHx0Y48kAipQlp3TzWSIDyudQNUdX6DDN4w%2BbalIs8CxVdIRuk70sLXOhiojXlHmzeHmuVx%2FEcdnY201fHzi5LhU367vj0P23CNY17SFkb35gVxJ8imlXPboZdrl3reCHtU%2BPLQSD3bJJLUGhTGAEBvDT37HR3G1Te6he0stDhFWkEpsIs%2FicRqS4Y0rJDyphgp4hf5cwhk4U4eWpyrMHq%2Fbcq54yBYqrphKIUMxNU2Oed9UarfB1EL8wUPbb74VN%2FjeUcv%2BqgMWonZRZ5h0dOHGDNBZcAuX24bbs6pCgUZ8gC%2FfhRB9yTe%2BF7vpO7R17cjkGaI1HQ%3D%3D","environmentVariables":{"FIREBASE_CONFIG":"{\"projectId\":\"vote-dapp-60851\",\"databaseURL\":\"https://vote-dapp-60851-default-rtdb.firebaseio.com\",\"storageBucket\":\"vote-dapp-60851.appspot.com\",\"locationId\":\"us-central\"}","GCLOUD_PROJECT":"vote-dapp-60851","EVENTARC_CLOUD_EVENT_SOURCE":"projects/vote-dapp-60851/locations/us-central1/functions/generateThumbnail"},"runtime":"nodejs16","ingressSettings":"ALLOW_ALL","buildId":"38f207d7-4bfb-4aa3-ad28-10869f97d8b9","buildName":"projects/357973271138/locations/us-central1/builds/38f207d7-4bfb-4aa3-ad28-10869f97d8b9","dockerRegistry":"ARTIFACT_REGISTRY"},"versionId":"5","updateTime":"2022-12-01T18:20:07Z"}}
[debug] [2022-12-01T18:20:07.417Z] >>> [apiv2][query] GET https://cloudfunctions.googleapis.com/v1/operations/dm90ZS1kYXBwLTYwODUxL3VzLWNlbnRyYWwxL2dlbmVyYXRlVGh1bWJuYWlsL0J5Mk1PbWVvUGY4 [none]
[debug] [2022-12-01T18:20:07.997Z] <<< [apiv2][status] GET https://cloudfunctions.googleapis.com/v1/operations/dm90ZS1kYXBwLTYwODUxL3VzLWNlbnRyYWwxL2dlbmVyYXRlVGh1bWJuYWlsL0J5Mk1PbWVvUGY4 200
[debug] [2022-12-01T18:20:07.997Z] <<< [apiv2][body] GET https://cloudfunctions.googleapis.com/v1/operations/dm90ZS1kYXBwLTYwODUxL3VzLWNlbnRyYWwxL2dlbmVyYXRlVGh1bWJuYWlsL0J5Mk1PbWVvUGY4 {"name":"operations/dm90ZS1kYXBwLTYwODUxL3VzLWNlbnRyYWwxL2dlbmVyYXRlVGh1bWJuYWlsL0J5Mk1PbWVvUGY4","metadata":{"@type":"type.googleapis.com/google.cloud.functions.v1.OperationMetadataV1","target":"projects/vote-dapp-60851/locations/us-central1/functions/generateThumbnail","type":"UPDATE_FUNCTION","request":{"@type":"type.googleapis.com/google.cloud.functions.v1.CloudFunction","name":"projects/vote-dapp-60851/locations/us-central1/functions/generateThumbnail","eventTrigger":{"eventType":"google.storage.object.finalize","resource":"projects/_/buckets/vote-dapp-60851.appspot.com","service":"storage.googleapis.com"},"status":"ACTIVE","entryPoint":"generateThumbnail","timeout":"60s","availableMemoryMb":256,"serviceAccountEmail":"vote-dapp-60851@appspot.gserviceaccount.com","updateTime":"2022-12-01T18:16:54.988Z","versionId":"4","labels":{"deployment-tool":"cli-firebase","firebase-functions-hash":"b1b78ced8433949ba9cd7a58e6735fef51e9c096"},"sourceUploadUrl":"https://storage.googleapis.com/uploads-405844028065.us-central1.cloudfunctions.appspot.com/8a7bf128-1eef-48f6-a8f3-a4e0bdbf4af2.zip?GoogleAccessId=service-357973271138@gcf-admin-robot.iam.gserviceaccount.com&Expires=1669920603&Signature=eC%2BGnqKZl9XfhHx0Y48kAipQlp3TzWSIDyudQNUdX6DDN4w%2BbalIs8CxVdIRuk70sLXOhiojXlHmzeHmuVx%2FEcdnY201fHzi5LhU367vj0P23CNY17SFkb35gVxJ8imlXPboZdrl3reCHtU%2BPLQSD3bJJLUGhTGAEBvDT37HR3G1Te6he0stDhFWkEpsIs%2FicRqS4Y0rJDyphgp4hf5cwhk4U4eWpyrMHq%2Fbcq54yBYqrphKIUMxNU2Oed9UarfB1EL8wUPbb74VN%2FjeUcv%2BqgMWonZRZ5h0dOHGDNBZcAuX24bbs6pCgUZ8gC%2FfhRB9yTe%2BF7vpO7R17cjkGaI1HQ%3D%3D","environmentVariables":{"FIREBASE_CONFIG":"{\"projectId\":\"vote-dapp-60851\",\"databaseURL\":\"https://vote-dapp-60851-default-rtdb.firebaseio.com\",\"storageBucket\":\"vote-dapp-60851.appspot.com\",\"locationId\":\"us-central\"}","GCLOUD_PROJECT":"vote-dapp-60851","EVENTARC_CLOUD_EVENT_SOURCE":"projects/vote-dapp-60851/locations/us-central1/functions/generateThumbnail"},"runtime":"nodejs16","ingressSettings":"ALLOW_ALL","buildId":"38f207d7-4bfb-4aa3-ad28-10869f97d8b9","buildName":"projects/357973271138/locations/us-central1/builds/38f207d7-4bfb-4aa3-ad28-10869f97d8b9","dockerRegistry":"ARTIFACT_REGISTRY"},"versionId":"5","updateTime":"2022-12-01T18:20:07Z"}}
[debug] [2022-12-01T18:20:08.500Z] [update-default-us-central1-generateThumbnail] Retrying task index 0
[debug] [2022-12-01T18:20:08.501Z] >>> [apiv2][query] GET https://cloudfunctions.googleapis.com/v1/operations/dm90ZS1kYXBwLTYwODUxL3VzLWNlbnRyYWwxL2dlbmVyYXRlVGh1bWJuYWlsL0J5Mk1PbWVvUGY4 [none]
[debug] [2022-12-01T18:20:08.967Z] <<< [apiv2][status] GET https://cloudfunctions.googleapis.com/v1/operations/dm90ZS1kYXBwLTYwODUxL3VzLWNlbnRyYWwxL2dlbmVyYXRlVGh1bWJuYWlsL0J5Mk1PbWVvUGY4 200
[debug] [2022-12-01T18:20:08.967Z] <<< [apiv2][body] GET https://cloudfunctions.googleapis.com/v1/operations/dm90ZS1kYXBwLTYwODUxL3VzLWNlbnRyYWwxL2dlbmVyYXRlVGh1bWJuYWlsL0J5Mk1PbWVvUGY4 {"name":"operations/dm90ZS1kYXBwLTYwODUxL3VzLWNlbnRyYWwxL2dlbmVyYXRlVGh1bWJuYWlsL0J5Mk1PbWVvUGY4","metadata":{"@type":"type.googleapis.com/google.cloud.functions.v1.OperationMetadataV1","target":"projects/vote-dapp-60851/locations/us-central1/functions/generateThumbnail","type":"UPDATE_FUNCTION","request":{"@type":"type.googleapis.com/google.cloud.functions.v1.CloudFunction","name":"projects/vote-dapp-60851/locations/us-central1/functions/generateThumbnail","eventTrigger":{"eventType":"google.storage.object.finalize","resource":"projects/_/buckets/vote-dapp-60851.appspot.com","service":"storage.googleapis.com"},"status":"ACTIVE","entryPoint":"generateThumbnail","timeout":"60s","availableMemoryMb":256,"serviceAccountEmail":"vote-dapp-60851@appspot.gserviceaccount.com","updateTime":"2022-12-01T18:16:54.988Z","versionId":"4","labels":{"deployment-tool":"cli-firebase","firebase-functions-hash":"b1b78ced8433949ba9cd7a58e6735fef51e9c096"},"sourceUploadUrl":"https://storage.googleapis.com/uploads-405844028065.us-central1.cloudfunctions.appspot.com/8a7bf128-1eef-48f6-a8f3-a4e0bdbf4af2.zip?GoogleAccessId=service-357973271138@gcf-admin-robot.iam.gserviceaccount.com&Expires=1669920603&Signature=eC%2BGnqKZl9XfhHx0Y48kAipQlp3TzWSIDyudQNUdX6DDN4w%2BbalIs8CxVdIRuk70sLXOhiojXlHmzeHmuVx%2FEcdnY201fHzi5LhU367vj0P23CNY17SFkb35gVxJ8imlXPboZdrl3reCHtU%2BPLQSD3bJJLUGhTGAEBvDT37HR3G1Te6he0stDhFWkEpsIs%2FicRqS4Y0rJDyphgp4hf5cwhk4U4eWpyrMHq%2Fbcq54yBYqrphKIUMxNU2Oed9UarfB1EL8wUPbb74VN%2FjeUcv%2BqgMWonZRZ5h0dOHGDNBZcAuX24bbs6pCgUZ8gC%2FfhRB9yTe%2BF7vpO7R17cjkGaI1HQ%3D%3D","environmentVariables":{"FIREBASE_CONFIG":"{\"projectId\":\"vote-dapp-60851\",\"databaseURL\":\"https://vote-dapp-60851-default-rtdb.firebaseio.com\",\"storageBucket\":\"vote-dapp-60851.appspot.com\",\"locationId\":\"us-central\"}","GCLOUD_PROJECT":"vote-dapp-60851","EVENTARC_CLOUD_EVENT_SOURCE":"projects/vote-dapp-60851/locations/us-central1/functions/generateThumbnail"},"runtime":"nodejs16","ingressSettings":"ALLOW_ALL","buildId":"38f207d7-4bfb-4aa3-ad28-10869f97d8b9","buildName":"projects/357973271138/locations/us-central1/builds/38f207d7-4bfb-4aa3-ad28-10869f97d8b9","dockerRegistry":"ARTIFACT_REGISTRY"},"versionId":"5","updateTime":"2022-12-01T18:20:07Z","buildId":"ff90c95e-e93b-4e7c-8d11-57f68c994d32","buildName":"projects/357973271138/locations/us-central1/builds/ff90c95e-e93b-4e7c-8d11-57f68c994d32"}}
[debug] [2022-12-01T18:20:09.968Z] [update-default-us-central1-generateThumbnail] Retrying task index 0
[debug] [2022-12-01T18:20:09.968Z] >>> [apiv2][query] GET https://cloudfunctions.googleapis.com/v1/operations/dm90ZS1kYXBwLTYwODUxL3VzLWNlbnRyYWwxL2dlbmVyYXRlVGh1bWJuYWlsL0J5Mk1PbWVvUGY4 [none]
[debug] [2022-12-01T18:20:10.594Z] <<< [apiv2][status] GET https://cloudfunctions.googleapis.com/v1/operations/dm90ZS1kYXBwLTYwODUxL3VzLWNlbnRyYWwxL2dlbmVyYXRlVGh1bWJuYWlsL0J5Mk1PbWVvUGY4 200
[debug] [2022-12-01T18:20:10.594Z] <<< [apiv2][body] GET https://cloudfunctions.googleapis.com/v1/operations/dm90ZS1kYXBwLTYwODUxL3VzLWNlbnRyYWwxL2dlbmVyYXRlVGh1bWJuYWlsL0J5Mk1PbWVvUGY4 {"name":"operations/dm90ZS1kYXBwLTYwODUxL3VzLWNlbnRyYWwxL2dlbmVyYXRlVGh1bWJuYWlsL0J5Mk1PbWVvUGY4","metadata":{"@type":"type.googleapis.com/google.cloud.functions.v1.OperationMetadataV1","target":"projects/vote-dapp-60851/locations/us-central1/functions/generateThumbnail","type":"UPDATE_FUNCTION","request":{"@type":"type.googleapis.com/google.cloud.functions.v1.CloudFunction","name":"projects/vote-dapp-60851/locations/us-central1/functions/generateThumbnail","eventTrigger":{"eventType":"google.storage.object.finalize","resource":"projects/_/buckets/vote-dapp-60851.appspot.com","service":"storage.googleapis.com"},"status":"ACTIVE","entryPoint":"generateThumbnail","timeout":"60s","availableMemoryMb":256,"serviceAccountEmail":"vote-dapp-60851@appspot.gserviceaccount.com","updateTime":"2022-12-01T18:16:54.988Z","versionId":"4","labels":{"deployment-tool":"cli-firebase","firebase-functions-hash":"b1b78ced8433949ba9cd7a58e6735fef51e9c096"},"sourceUploadUrl":"https://storage.googleapis.com/uploads-405844028065.us-central1.cloudfunctions.appspot.com/8a7bf128-1eef-48f6-a8f3-a4e0bdbf4af2.zip?GoogleAccessId=service-357973271138@gcf-admin-robot.iam.gserviceaccount.com&Expires=1669920603&Signature=eC%2BGnqKZl9XfhHx0Y48kAipQlp3TzWSIDyudQNUdX6DDN4w%2BbalIs8CxVdIRuk70sLXOhiojXlHmzeHmuVx%2FEcdnY201fHzi5LhU367vj0P23CNY17SFkb35gVxJ8imlXPboZdrl3reCHtU%2BPLQSD3bJJLUGhTGAEBvDT37HR3G1Te6he0stDhFWkEpsIs%2FicRqS4Y0rJDyphgp4hf5cwhk4U4eWpyrMHq%2Fbcq54yBYqrphKIUMxNU2Oed9UarfB1EL8wUPbb74VN%2FjeUcv%2BqgMWonZRZ5h0dOHGDNBZcAuX24bbs6pCgUZ8gC%2FfhRB9yTe%2BF7vpO7R17cjkGaI1HQ%3D%3D","environmentVariables":{"FIREBASE_CONFIG":"{\"projectId\":\"vote-dapp-60851\",\"databaseURL\":\"https://vote-dapp-60851-default-rtdb.firebaseio.com\",\"storageBucket\":\"vote-dapp-60851.appspot.com\",\"locationId\":\"us-central\"}","GCLOUD_PROJECT":"vote-dapp-60851","EVENTARC_CLOUD_EVENT_SOURCE":"projects/vote-dapp-60851/locations/us-central1/functions/generateThumbnail"},"runtime":"nodejs16","ingressSettings":"ALLOW_ALL","buildId":"38f207d7-4bfb-4aa3-ad28-10869f97d8b9","buildName":"projects/357973271138/locations/us-central1/builds/38f207d7-4bfb-4aa3-ad28-10869f97d8b9","dockerRegistry":"ARTIFACT_REGISTRY"},"versionId":"5","updateTime":"2022-12-01T18:20:07Z","buildId":"ff90c95e-e93b-4e7c-8d11-57f68c994d32","buildName":"projects/357973271138/locations/us-central1/builds/ff90c95e-e93b-4e7c-8d11-57f68c994d32"}}
